<?xml version="1.0" encoding="UTF-8"?>
<!-- Generated by org.testng.reporters.JUnitXMLReporter -->
<testsuite hostname="Batman" ignored="0" name="appTest" tests="1" failures="1" timestamp="2023-02-26T11:05:15 GMT" time="7.273" errors="0">
  <testcase name="validUserShouldBeAbleToLogin" time="7.22" classname="test.LoginTest">
    <failure type="java.lang.Error" message="Unresolved compilation problem: 
	Assert cannot be resolved
">
      <![CDATA[java.lang.Error: Unresolved compilation problem: 
Assert cannot be resolved

at page.DashBoardPage.validateDashboardPage(DashBoardPage.java:34)
at test.LoginTest.validUserShouldBeAbleToLogin(LoginTest.java:32)
at java.util.ArrayList.forEach(ArrayList.java:1257)
... Removed 27 stack frames]]>
    </failure>
  </testcase> <!-- validUserShouldBeAbleToLogin -->
</testsuite> <!-- appTest -->
